{
    "meta": {
        "version": "6.4.1",
        "timestamp": "2022-06-26T22:18:03.154478",
        "branch_coverage": false,
        "show_contexts": false
    },
    "files": {
        "app/__init__.py": {
            "executed_lines": [
                1
            ],
            "summary": {
                "covered_lines": 0,
                "num_statements": 0,
                "percent_covered": 100.0,
                "percent_covered_display": "100",
                "missing_lines": 0,
                "excluded_lines": 0
            },
            "missing_lines": [],
            "excluded_lines": []
        },
        "app/brewery_controller/__init__.py": {
            "executed_lines": [
                2,
                5
            ],
            "summary": {
                "covered_lines": 2,
                "num_statements": 3,
                "percent_covered": 66.66666666666667,
                "percent_covered_display": "67",
                "missing_lines": 1,
                "excluded_lines": 0
            },
            "missing_lines": [
                6
            ],
            "excluded_lines": []
        },
        "app/brewery_controller/brewery_controller.py": {
            "executed_lines": [
                1,
                2,
                5,
                6,
                7,
                10,
                11,
                14,
                16,
                17,
                19,
                22,
                23,
                24,
                25,
                27,
                28
            ],
            "summary": {
                "covered_lines": 16,
                "num_statements": 18,
                "percent_covered": 88.88888888888889,
                "percent_covered_display": "89",
                "missing_lines": 2,
                "excluded_lines": 0
            },
            "missing_lines": [
                20,
                26
            ],
            "excluded_lines": []
        },
        "app/context/__init__.py": {
            "executed_lines": [
                1,
                2,
                3,
                4,
                7,
                8,
                9,
                10,
                11,
                12,
                15,
                16,
                19,
                20,
                23,
                24,
                27,
                28,
                30
            ],
            "summary": {
                "covered_lines": 19,
                "num_statements": 19,
                "percent_covered": 100.0,
                "percent_covered_display": "100",
                "missing_lines": 0,
                "excluded_lines": 0
            },
            "missing_lines": [],
            "excluded_lines": []
        },
        "app/kettle/__init__.py": {
            "executed_lines": [
                1,
                4,
                6,
                7,
                8,
                10,
                13,
                14,
                17,
                19,
                20,
                21,
                22,
                23,
                25,
                28,
                29
            ],
            "summary": {
                "covered_lines": 17,
                "num_statements": 18,
                "percent_covered": 94.44444444444444,
                "percent_covered_display": "94",
                "missing_lines": 1,
                "excluded_lines": 0
            },
            "missing_lines": [
                11
            ],
            "excluded_lines": []
        },
        "app/main.py": {
            "executed_lines": [
                1,
                2,
                4,
                5,
                6,
                7,
                8,
                9,
                11,
                13,
                17,
                18,
                19,
                22,
                23,
                24,
                26,
                28,
                29,
                32,
                33,
                34,
                35,
                36
            ],
            "summary": {
                "covered_lines": 24,
                "num_statements": 24,
                "percent_covered": 100.0,
                "percent_covered_display": "100",
                "missing_lines": 0,
                "excluded_lines": 0
            },
            "missing_lines": [],
            "excluded_lines": []
        },
        "app/pins/pin.py": {
            "executed_lines": [
                1,
                2,
                5,
                7,
                10,
                14,
                15,
                18,
                20,
                24,
                27
            ],
            "summary": {
                "covered_lines": 11,
                "num_statements": 17,
                "percent_covered": 64.70588235294117,
                "percent_covered_display": "65",
                "missing_lines": 6,
                "excluded_lines": 0
            },
            "missing_lines": [
                8,
                11,
                21,
                22,
                25,
                28
            ],
            "excluded_lines": []
        },
        "app/pump/__init__.py": {
            "executed_lines": [
                1
            ],
            "summary": {
                "covered_lines": 0,
                "num_statements": 0,
                "percent_covered": 100.0,
                "percent_covered_display": "100",
                "missing_lines": 0,
                "excluded_lines": 0
            },
            "missing_lines": [],
            "excluded_lines": []
        },
        "app/pump/pump.py": {
            "executed_lines": [
                1,
                2,
                4,
                6,
                9,
                12,
                15,
                17,
                18,
                20,
                22,
                24,
                25,
                27,
                29,
                32,
                35,
                38,
                40,
                41,
                42,
                43,
                45,
                48,
                51
            ],
            "summary": {
                "covered_lines": 25,
                "num_statements": 34,
                "percent_covered": 73.52941176470588,
                "percent_covered_display": "74",
                "missing_lines": 9,
                "excluded_lines": 0
            },
            "missing_lines": [
                7,
                10,
                13,
                30,
                33,
                36,
                46,
                49,
                52
            ],
            "excluded_lines": []
        },
        "app/routes/__init__.py": {
            "executed_lines": [
                1
            ],
            "summary": {
                "covered_lines": 0,
                "num_statements": 0,
                "percent_covered": 100.0,
                "percent_covered_display": "100",
                "missing_lines": 0,
                "excluded_lines": 0
            },
            "missing_lines": [],
            "excluded_lines": []
        },
        "app/routes/brewhouse.py": {
            "executed_lines": [
                1,
                2,
                5,
                8,
                9,
                10,
                13,
                14,
                15,
                18,
                19,
                27,
                28,
                29
            ],
            "summary": {
                "covered_lines": 14,
                "num_statements": 19,
                "percent_covered": 73.6842105263158,
                "percent_covered_display": "74",
                "missing_lines": 5,
                "excluded_lines": 0
            },
            "missing_lines": [
                20,
                21,
                22,
                23,
                24
            ],
            "excluded_lines": []
        },
        "app/routes/steps.py": {
            "executed_lines": [
                1,
                2,
                3,
                4,
                6,
                9,
                10,
                14,
                15,
                23,
                24,
                28,
                29,
                33,
                34,
                38,
                39
            ],
            "summary": {
                "covered_lines": 17,
                "num_statements": 27,
                "percent_covered": 62.96296296296296,
                "percent_covered_display": "63",
                "missing_lines": 10,
                "excluded_lines": 0
            },
            "missing_lines": [
                11,
                16,
                17,
                18,
                19,
                20,
                25,
                30,
                35,
                40
            ],
            "excluded_lines": []
        },
        "app/step_controller/__init__.py": {
            "executed_lines": [
                1
            ],
            "summary": {
                "covered_lines": 0,
                "num_statements": 0,
                "percent_covered": 100.0,
                "percent_covered_display": "100",
                "missing_lines": 0,
                "excluded_lines": 0
            },
            "missing_lines": [],
            "excluded_lines": []
        },
        "app/step_controller/step_controller.py": {
            "executed_lines": [
                1,
                2,
                3,
                4,
                7,
                8,
                9,
                12,
                13,
                14,
                15,
                16,
                17,
                18,
                19,
                22,
                23,
                26,
                27,
                28,
                29,
                30,
                31,
                32,
                33,
                34,
                36,
                37,
                40,
                41,
                44,
                45,
                46,
                47,
                48,
                50,
                51,
                52,
                53,
                54,
                55,
                57,
                58,
                59,
                61,
                62,
                69,
                72,
                73,
                74,
                75,
                77,
                78,
                80,
                81,
                82,
                84,
                89,
                90,
                92,
                93,
                96
            ],
            "summary": {
                "covered_lines": 62,
                "num_statements": 70,
                "percent_covered": 88.57142857142857,
                "percent_covered_display": "89",
                "missing_lines": 8,
                "excluded_lines": 0
            },
            "missing_lines": [
                38,
                70,
                85,
                86,
                87,
                91,
                94,
                95
            ],
            "excluded_lines": []
        },
        "app/temperature_controller/DS18B20_sensor.py": {
            "executed_lines": [
                1,
                3,
                6,
                8,
                12
            ],
            "summary": {
                "covered_lines": 5,
                "num_statements": 8,
                "percent_covered": 62.5,
                "percent_covered_display": "62",
                "missing_lines": 3,
                "excluded_lines": 0
            },
            "missing_lines": [
                4,
                9,
                13
            ],
            "excluded_lines": []
        },
        "app/temperature_controller/__init__.py": {
            "executed_lines": [
                1
            ],
            "summary": {
                "covered_lines": 0,
                "num_statements": 0,
                "percent_covered": 100.0,
                "percent_covered_display": "100",
                "missing_lines": 0,
                "excluded_lines": 0
            },
            "missing_lines": [],
            "excluded_lines": []
        },
        "app/temperature_controller/cooler.py": {
            "executed_lines": [
                1,
                3,
                5,
                8,
                11
            ],
            "summary": {
                "covered_lines": 5,
                "num_statements": 8,
                "percent_covered": 62.5,
                "percent_covered_display": "62",
                "missing_lines": 3,
                "excluded_lines": 0
            },
            "missing_lines": [
                6,
                9,
                12
            ],
            "excluded_lines": []
        },
        "app/temperature_controller/heaters.py": {
            "executed_lines": [
                1,
                3,
                4,
                6,
                8,
                11,
                14,
                17,
                19,
                20,
                22,
                23,
                25,
                26,
                30,
                31,
                33,
                34,
                35,
                37,
                40,
                43,
                46,
                47,
                49,
                51,
                52,
                53,
                55,
                58,
                61,
                64,
                66,
                68,
                70,
                72,
                74,
                75,
                76,
                77,
                79,
                84,
                88
            ],
            "summary": {
                "covered_lines": 42,
                "num_statements": 59,
                "percent_covered": 71.1864406779661,
                "percent_covered_display": "71",
                "missing_lines": 17,
                "excluded_lines": 0
            },
            "missing_lines": [
                9,
                12,
                15,
                28,
                38,
                41,
                44,
                56,
                59,
                62,
                69,
                80,
                81,
                82,
                85,
                86,
                89
            ],
            "excluded_lines": []
        },
        "app/temperature_controller/temperature_controller.py": {
            "executed_lines": [
                1,
                2,
                3,
                4,
                7,
                8,
                9,
                12,
                13,
                14,
                15,
                16,
                19,
                20,
                21,
                22,
                23,
                26,
                28,
                36,
                37,
                38,
                39,
                40,
                41,
                42,
                43,
                45,
                48,
                52,
                53,
                54,
                55,
                57,
                59,
                61,
                62,
                63,
                64,
                65,
                66,
                67,
                68,
                69,
                70,
                71,
                72,
                74,
                75,
                76,
                77,
                78,
                80,
                81,
                83,
                86,
                87,
                95,
                96,
                97,
                98,
                100,
                102,
                103,
                104,
                105,
                106,
                107,
                108,
                111,
                112,
                113,
                114,
                115,
                116,
                117,
                118
            ],
            "summary": {
                "covered_lines": 77,
                "num_statements": 82,
                "percent_covered": 93.90243902439025,
                "percent_covered_display": "94",
                "missing_lines": 5,
                "excluded_lines": 0
            },
            "missing_lines": [
                46,
                49,
                84,
                109,
                119
            ],
            "excluded_lines": []
        },
        "app/temperature_controller/temperature_sensor.py": {
            "executed_lines": [
                1,
                2,
                3,
                5,
                7,
                10,
                11,
                13,
                16,
                18,
                19,
                20,
                22,
                23,
                24,
                30,
                32,
                33
            ],
            "summary": {
                "covered_lines": 17,
                "num_statements": 22,
                "percent_covered": 77.27272727272727,
                "percent_covered_display": "77",
                "missing_lines": 5,
                "excluded_lines": 0
            },
            "missing_lines": [
                8,
                14,
                25,
                35,
                36
            ],
            "excluded_lines": []
        }
    },
    "totals": {
        "covered_lines": 353,
        "num_statements": 428,
        "percent_covered": 82.4766355140187,
        "percent_covered_display": "82",
        "missing_lines": 75,
        "excluded_lines": 0
    }
}